<?xml version="1.0" encoding="UTF-8"?>
<!-- Generated by org.testng.reporters.JUnitReportReporter -->
<testsuite hostname="SEBKIL" failures="0" tests="2" name="TestCases.LoginTest" time="16.022" errors="0" timestamp="2020-03-07T18:43:47 CET" skipped="0">
  <testcase classname="TestCases.LoginTest" name="correctLogin" time="8.339"/>
  <testcase classname="TestCases.LoginTest" name="incorrectLogin" time="7.683"/>
</testsuite> <!-- TestCases.LoginTest -->
